Num GPUs Available:  1
Image data loaded from ...

/home/giuseppe/devices/Delta_Tissue/IMC/split_channels_nohpf/Leap081_8/B7-H4.tiff
/home/giuseppe/devices/Delta_Tissue/IMC/split_channels_nohpf/Leap086_4/B7-H4.tiff
/home/giuseppe/devices/Delta_Tissue/IMC/split_channels_nohpf/Leap009_4/B7-H4.tiff
/home/giuseppe/devices/Delta_Tissue/IMC/split_channels_nohpf/Leap043_1/B7-H4.tiff
/home/giuseppe/devices/Delta_Tissue/IMC/split_channels_nohpf/Leap033_8/B7-H4.tiff
/home/giuseppe/devices/Delta_Tissue/IMC/split_channels_nohpf/Leap064_8/B7-H4.tiff
/home/giuseppe/devices/Delta_Tissue/IMC/split_channels_nohpf/Leap034_14/B7-H4.tiff
/home/giuseppe/devices/Delta_Tissue/IMC/split_channels_nohpf/Leap073_9/B7-H4.tiff
/home/giuseppe/devices/Delta_Tissue/IMC/split_channels_nohpf/Leap017_14/B7-H4.tiff
/home/giuseppe/devices/Delta_Tissue/IMC/split_channels_nohpf/Leap045_11/B7-H4.tiff
/home/giuseppe/devices/Delta_Tissue/IMC/split_channels_nohpf/Leap092_1/B7-H4.tiff
/home/giuseppe/devices/Delta_Tissue/IMC/split_channels_nohpf/Leap059_8/B7-H4.tiff
/home/giuseppe/devices/Delta_Tissue/IMC/split_channels_nohpf/Leap018_13/B7-H4.tiff
/home/giuseppe/devices/Delta_Tissue/IMC/split_channels_nohpf/Leap088_8/B7-H4.tiff
/home/giuseppe/devices/Delta_Tissue/IMC/split_channels_nohpf/Leap048_7/B7-H4.tiff
/home/giuseppe/devices/Delta_Tissue/IMC/split_channels_nohpf/Leap052_8/B7-H4.tiff
/home/giuseppe/devices/Delta_Tissue/IMC/split_channels_nohpf/Leap046_3/B7-H4.tiff
/home/giuseppe/devices/Delta_Tissue/IMC/split_channels_nohpf/Leap059_9/B7-H4.tiff
/home/giuseppe/devices/Delta_Tissue/IMC/split_channels_nohpf/Leap013_6/B7-H4.tiff
/home/giuseppe/devices/Delta_Tissue/IMC/split_channels_nohpf/Leap017_3/B7-H4.tiff
/home/giuseppe/devices/Delta_Tissue/IMC/split_channels_nohpf/Leap081_1/B7-H4.tiff
/home/giuseppe/devices/Delta_Tissue/IMC/split_channels_nohpf/Leap035_4/B7-H4.tiff
/home/giuseppe/devices/Delta_Tissue/IMC/split_channels_nohpf/Leap054_3/B7-H4.tiff
/home/giuseppe/devices/Delta_Tissue/IMC/split_channels_nohpf/Leap084_6/B7-H4.tiff
/home/giuseppe/devices/Delta_Tissue/IMC/split_channels_nohpf/Leap022_1/B7-H4.tiff
/home/giuseppe/devices/Delta_Tissue/IMC/split_channels_nohpf/Leap065_1/B7-H4.tiff
/home/giuseppe/devices/Delta_Tissue/IMC/split_channels_nohpf/Leap008_1/B7-H4.tiff
/home/giuseppe/devices/Delta_Tissue/IMC/split_channels_nohpf/Leap038_8/B7-H4.tiff
/home/giuseppe/devices/Delta_Tissue/IMC/split_channels_nohpf/Leap084_20/B7-H4.tiff
/home/giuseppe/devices/Delta_Tissue/IMC/split_channels_nohpf/Leap018_6/B7-H4.tiff
/home/giuseppe/devices/Delta_Tissue/IMC/split_channels_nohpf/Leap015_5/B7-H4.tiff
/home/giuseppe/devices/Delta_Tissue/IMC/split_channels_nohpf/Leap018_3/B7-H4.tiff
/home/giuseppe/devices/Delta_Tissue/IMC/split_channels_nohpf/Leap032_9/B7-H4.tiff
/home/giuseppe/devices/Delta_Tissue/IMC/split_channels_nohpf/Leap061_9/B7-H4.tiff
/home/giuseppe/devices/Delta_Tissue/IMC/split_channels_nohpf/Leap059_5/B7-H4.tiff
/home/giuseppe/devices/Delta_Tissue/IMC/split_channels_nohpf/Leap084_9/B7-H4.tiff
/home/giuseppe/devices/Delta_Tissue/IMC/split_channels_nohpf/Leap057_5/B7-H4.tiff
/home/giuseppe/devices/Delta_Tissue/IMC/split_channels_nohpf/Leap024_6/B7-H4.tiff
/home/giuseppe/devices/Delta_Tissue/IMC/split_channels_nohpf/Leap050_2/B7-H4.tiff
/home/giuseppe/devices/Delta_Tissue/IMC/split_channels_nohpf/Leap015_1/B7-H4.tiff
/home/giuseppe/devices/Delta_Tissue/IMC/split_channels_nohpf/Leap014_12/B7-H4.tiff
/home/giuseppe/devices/Delta_Tissue/IMC/split_channels_nohpf/Leap070_3/B7-H4.tiff
/home/giuseppe/devices/Delta_Tissue/IMC/split_channels_nohpf/Leap001_9/B7-H4.tiff
/home/giuseppe/devices/Delta_Tissue/IMC/split_channels_nohpf/Leap010_15/B7-H4.tiff
/home/giuseppe/devices/Delta_Tissue/IMC/split_channels_nohpf/Leap093_3/B7-H4.tiff
/home/giuseppe/devices/Delta_Tissue/IMC/split_channels_nohpf/Leap017_1/B7-H4.tiff
/home/giuseppe/devices/Delta_Tissue/IMC/split_channels_nohpf/Leap014_17/B7-H4.tiff
/home/giuseppe/devices/Delta_Tissue/IMC/split_channels_nohpf/Leap064_2/B7-H4.tiff
/home/giuseppe/devices/Delta_Tissue/IMC/split_channels_nohpf/Leap055_13/B7-H4.tiff
/home/giuseppe/devices/Delta_Tissue/IMC/split_channels_nohpf/Leap011_10/B7-H4.tiff
/home/giuseppe/devices/Delta_Tissue/IMC/split_channels_nohpf/Leap050_1/B7-H4.tiff
/home/giuseppe/devices/Delta_Tissue/IMC/split_channels_nohpf/Leap066_8/B7-H4.tiff
/home/giuseppe/devices/Delta_Tissue/IMC/split_channels_nohpf/Leap094_6/B7-H4.tiff
/home/giuseppe/devices/Delta_Tissue/IMC/split_channels_nohpf/Leap010_8/B7-H4.tiff
/home/giuseppe/devices/Delta_Tissue/IMC/split_channels_nohpf/Leap029_3/B7-H4.tiff
/home/giuseppe/devices/Delta_Tissue/IMC/split_channels_nohpf/Leap036_5/B7-H4.tiff
/home/giuseppe/devices/Delta_Tissue/IMC/split_channels_nohpf/Leap010_3/B7-H4.tiff
/home/giuseppe/devices/Delta_Tissue/IMC/split_channels_nohpf/Leap050_7/B7-H4.tiff
/home/giuseppe/devices/Delta_Tissue/IMC/split_channels_nohpf/Leap077_5/B7-H4.tiff
/home/giuseppe/devices/Delta_Tissue/IMC/split_channels_nohpf/Leap006_4/B7-H4.tiff
/home/giuseppe/devices/Delta_Tissue/IMC/split_channels_nohpf/Leap017_28/B7-H4.tiff
/home/giuseppe/devices/Delta_Tissue/IMC/split_channels_nohpf/Leap092_4/B7-H4.tiff
/home/giuseppe/devices/Delta_Tissue/IMC/split_channels_nohpf/Leap054_6/B7-H4.tiff
/home/giuseppe/devices/Delta_Tissue/IMC/split_channels_nohpf/Leap038_3/B7-H4.tiff
/home/giuseppe/devices/Delta_Tissue/IMC/split_channels_nohpf/Leap037_13/B7-H4.tiff
/home/giuseppe/devices/Delta_Tissue/IMC/split_channels_nohpf/Leap049_2/B7-H4.tiff
/home/giuseppe/devices/Delta_Tissue/IMC/split_channels_nohpf/Leap089_2/B7-H4.tiff
/home/giuseppe/devices/Delta_Tissue/IMC/split_channels_nohpf/Leap067_6/B7-H4.tiff
/home/giuseppe/devices/Delta_Tissue/IMC/split_channels_nohpf/Leap010_18/B7-H4.tiff
/home/giuseppe/devices/Delta_Tissue/IMC/split_channels_nohpf/Leap018_9/B7-H4.tiff
/home/giuseppe/devices/Delta_Tissue/IMC/split_channels_nohpf/Leap046_1/B7-H4.tiff
/home/giuseppe/devices/Delta_Tissue/IMC/split_channels_nohpf/Leap077_6/B7-H4.tiff
/home/giuseppe/devices/Delta_Tissue/IMC/split_channels_nohpf/Leap010_12/B7-H4.tiff
/home/giuseppe/devices/Delta_Tissue/IMC/split_channels_nohpf/Leap036_6/B7-H4.tiff
/home/giuseppe/devices/Delta_Tissue/IMC/split_channels_nohpf/Leap094_12/B7-H4.tiff
/home/giuseppe/devices/Delta_Tissue/IMC/split_channels_nohpf/Leap080_5/B7-H4.tiff
/home/giuseppe/devices/Delta_Tissue/IMC/split_channels_nohpf/Leap076_1/B7-H4.tiff
/home/giuseppe/devices/Delta_Tissue/IMC/split_channels_nohpf/Leap016_1/B7-H4.tiff
/home/giuseppe/devices/Delta_Tissue/IMC/split_channels_nohpf/Leap038_6/B7-H4.tiff
/home/giuseppe/devices/Delta_Tissue/IMC/split_channels_nohpf/Leap025_1/B7-H4.tiff
/home/giuseppe/devices/Delta_Tissue/IMC/split_channels_nohpf/Leap056_3/B7-H4.tiff
/home/giuseppe/devices/Delta_Tissue/IMC/split_channels_nohpf/Leap002_4/B7-H4.tiff
/home/giuseppe/devices/Delta_Tissue/IMC/split_channels_nohpf/Leap020_2/B7-H4.tiff
/home/giuseppe/devices/Delta_Tissue/IMC/split_channels_nohpf/Leap021_7/B7-H4.tiff
/home/giuseppe/devices/Delta_Tissue/IMC/split_channels_nohpf/Leap018_28/B7-H4.tiff
/home/giuseppe/devices/Delta_Tissue/IMC/split_channels_nohpf/Leap005_8/B7-H4.tiff
/home/giuseppe/devices/Delta_Tissue/IMC/split_channels_nohpf/Leap066_3/B7-H4.tiff
/home/giuseppe/devices/Delta_Tissue/IMC/split_channels_nohpf/Leap061_5/B7-H4.tiff
/home/giuseppe/devices/Delta_Tissue/IMC/split_channels_nohpf/Leap042_3/B7-H4.tiff
/home/giuseppe/devices/Delta_Tissue/IMC/split_channels_nohpf/Leap083_5/B7-H4.tiff
/home/giuseppe/devices/Delta_Tissue/IMC/split_channels_nohpf/Leap024_4/B7-H4.tiff
/home/giuseppe/devices/Delta_Tissue/IMC/split_channels_nohpf/Leap066_1/B7-H4.tiff
/home/giuseppe/devices/Delta_Tissue/IMC/split_channels_nohpf/Leap057_10/B7-H4.tiff
/home/giuseppe/devices/Delta_Tissue/IMC/split_channels_nohpf/Leap034_8/B7-H4.tiff
/home/giuseppe/devices/Delta_Tissue/IMC/split_channels_nohpf/Leap053_9/B7-H4.tiff
/home/giuseppe/devices/Delta_Tissue/IMC/split_channels_nohpf/Leap010_4/B7-H4.tiff
/home/giuseppe/devices/Delta_Tissue/IMC/split_channels_nohpf/Leap004_2_11/B7-H4.tiff
/home/giuseppe/devices/Delta_Tissue/IMC/split_channels_nohpf/Leap061_8/B7-H4.tiff
/home/giuseppe/devices/Delta_Tissue/IMC/split_channels_nohpf/Leap023_1/B7-H4.tiff
/home/giuseppe/devices/Delta_Tissue/IMC/split_channels_nohpf/Leap043_4/B7-H4.tiff
/home/giuseppe/devices/Delta_Tissue/IMC/split_channels_nohpf/Leap014_18/B7-H4.tiff
/home/giuseppe/devices/Delta_Tissue/IMC/split_channels_nohpf/Leap010_9/B7-H4.tiff
/home/giuseppe/devices/Delta_Tissue/IMC/split_channels_nohpf/Leap077_14/B7-H4.tiff
/home/giuseppe/devices/Delta_Tissue/IMC/split_channels_nohpf/Leap050_6/B7-H4.tiff
/home/giuseppe/devices/Delta_Tissue/IMC/split_channels_nohpf/Leap083_4/B7-H4.tiff
/home/giuseppe/devices/Delta_Tissue/IMC/split_channels_nohpf/Leap010_19/B7-H4.tiff
/home/giuseppe/devices/Delta_Tissue/IMC/split_channels_nohpf/Leap070_4/B7-H4.tiff
/home/giuseppe/devices/Delta_Tissue/IMC/split_channels_nohpf/Leap094_19/B7-H4.tiff
/home/giuseppe/devices/Delta_Tissue/IMC/split_channels_nohpf/Leap082_5/B7-H4.tiff
/home/giuseppe/devices/Delta_Tissue/IMC/split_channels_nohpf/Leap052_3/B7-H4.tiff
/home/giuseppe/devices/Delta_Tissue/IMC/split_channels_nohpf/Leap095_12/B7-H4.tiff
/home/giuseppe/devices/Delta_Tissue/IMC/split_channels_nohpf/Leap040_5/B7-H4.tiff
/home/giuseppe/devices/Delta_Tissue/IMC/split_channels_nohpf/Leap073_10/B7-H4.tiff
/home/giuseppe/devices/Delta_Tissue/IMC/split_channels_nohpf/Leap017_9/B7-H4.tiff
/home/giuseppe/devices/Delta_Tissue/IMC/split_channels_nohpf/Leap085_8/B7-H4.tiff
/home/giuseppe/devices/Delta_Tissue/IMC/split_channels_nohpf/Leap087_10/B7-H4.tiff
/home/giuseppe/devices/Delta_Tissue/IMC/split_channels_nohpf/Leap094_17/B7-H4.tiff
/home/giuseppe/devices/Delta_Tissue/IMC/split_channels_nohpf/Leap012_21/B7-H4.tiff
/home/giuseppe/devices/Delta_Tissue/IMC/split_channels_nohpf/Leap005_3/B7-H4.tiff
/home/giuseppe/devices/Delta_Tissue/IMC/split_channels_nohpf/Leap087_4/B7-H4.tiff
/home/giuseppe/devices/Delta_Tissue/IMC/split_channels_nohpf/Leap084_1/B7-H4.tiff
/home/giuseppe/devices/Delta_Tissue/IMC/split_channels_nohpf/Leap064_1/B7-H4.tiff
/home/giuseppe/devices/Delta_Tissue/IMC/split_channels_nohpf/Leap028_10/B7-H4.tiff
/home/giuseppe/devices/Delta_Tissue/IMC/split_channels_nohpf/Leap058_6/B7-H4.tiff
/home/giuseppe/devices/Delta_Tissue/IMC/split_channels_nohpf/Leap051_21/B7-H4.tiff
/home/giuseppe/devices/Delta_Tissue/IMC/split_channels_nohpf/Leap002_1/B7-H4.tiff
/home/giuseppe/devices/Delta_Tissue/IMC/split_channels_nohpf/Leap077_4/B7-H4.tiff
/home/giuseppe/devices/Delta_Tissue/IMC/split_channels_nohpf/Leap020_5/B7-H4.tiff
/home/giuseppe/devices/Delta_Tissue/IMC/split_channels_nohpf/Leap004_3/B7-H4.tiff
/home/giuseppe/devices/Delta_Tissue/IMC/split_channels_nohpf/Leap033_3/B7-H4.tiff
/home/giuseppe/devices/Delta_Tissue/IMC/split_channels_nohpf/Leap079_4/B7-H4.tiff
/home/giuseppe/devices/Delta_Tissue/IMC/split_channels_nohpf/Leap030_10/B7-H4.tiff
/home/giuseppe/devices/Delta_Tissue/IMC/split_channels_nohpf/Leap070_9/B7-H4.tiff
/home/giuseppe/devices/Delta_Tissue/IMC/split_channels_nohpf/Leap037_14/B7-H4.tiff
/home/giuseppe/devices/Delta_Tissue/IMC/split_channels_nohpf/Leap031_2/B7-H4.tiff
/home/giuseppe/devices/Delta_Tissue/IMC/split_channels_nohpf/Leap071_5/B7-H4.tiff
/home/giuseppe/devices/Delta_Tissue/IMC/split_channels_nohpf/Leap068_5/B7-H4.tiff
/home/giuseppe/devices/Delta_Tissue/IMC/split_channels_nohpf/Leap062_1/B7-H4.tiff
/home/giuseppe/devices/Delta_Tissue/IMC/split_channels_nohpf/Leap040_4/B7-H4.tiff
/home/giuseppe/devices/Delta_Tissue/IMC/split_channels_nohpf/Leap068_12/B7-H4.tiff
/home/giuseppe/devices/Delta_Tissue/IMC/split_channels_nohpf/Leap014_15/B7-H4.tiff
/home/giuseppe/devices/Delta_Tissue/IMC/split_channels_nohpf/Leap025_3/B7-H4.tiff
/home/giuseppe/devices/Delta_Tissue/IMC/split_channels_nohpf/Leap050_3/B7-H4.tiff
/home/giuseppe/devices/Delta_Tissue/IMC/split_channels_nohpf/Leap082_6/B7-H4.tiff
/home/giuseppe/devices/Delta_Tissue/IMC/split_channels_nohpf/Leap017_29/B7-H4.tiff
/home/giuseppe/devices/Delta_Tissue/IMC/split_channels_nohpf/Leap061_4/B7-H4.tiff
/home/giuseppe/devices/Delta_Tissue/IMC/split_channels_nohpf/Leap053_5/B7-H4.tiff
/home/giuseppe/devices/Delta_Tissue/IMC/split_channels_nohpf/Leap084_19/B7-H4.tiff
/home/giuseppe/devices/Delta_Tissue/IMC/split_channels_nohpf/Leap096_9/B7-H4.tiff
/home/giuseppe/devices/Delta_Tissue/IMC/split_channels_nohpf/Leap041_7/B7-H4.tiff
/home/giuseppe/devices/Delta_Tissue/IMC/split_channels_nohpf/Leap024_3/B7-H4.tiff
/home/giuseppe/devices/Delta_Tissue/IMC/split_channels_nohpf/Leap089_1/B7-H4.tiff
/home/giuseppe/devices/Delta_Tissue/IMC/split_channels_nohpf/Leap052_5/B7-H4.tiff
/home/giuseppe/devices/Delta_Tissue/IMC/split_channels_nohpf/Leap041_5/B7-H4.tiff
/home/giuseppe/devices/Delta_Tissue/IMC/split_channels_nohpf/Leap082_11/B7-H4.tiff
/home/giuseppe/devices/Delta_Tissue/IMC/split_channels_nohpf/Leap088_1/B7-H4.tiff
/home/giuseppe/devices/Delta_Tissue/IMC/split_channels_nohpf/Leap053_13/B7-H4.tiff
/home/giuseppe/devices/Delta_Tissue/IMC/split_channels_nohpf/Leap008_7/B7-H4.tiff
/home/giuseppe/devices/Delta_Tissue/IMC/split_channels_nohpf/Leap062_7/B7-H4.tiff
/home/giuseppe/devices/Delta_Tissue/IMC/split_channels_nohpf/Leap009_14/B7-H4.tiff
/home/giuseppe/devices/Delta_Tissue/IMC/split_channels_nohpf/Leap056_15/B7-H4.tiff
/home/giuseppe/devices/Delta_Tissue/IMC/split_channels_nohpf/Leap070_7/B7-H4.tiff
/home/giuseppe/devices/Delta_Tissue/IMC/split_channels_nohpf/Leap009_5/B7-H4.tiff
/home/giuseppe/devices/Delta_Tissue/IMC/split_channels_nohpf/Leap055_2/B7-H4.tiff
/home/giuseppe/devices/Delta_Tissue/IMC/split_channels_nohpf/Leap041_8/B7-H4.tiff
/home/giuseppe/devices/Delta_Tissue/IMC/split_channels_nohpf/Leap038_4/B7-H4.tiff
/home/giuseppe/devices/Delta_Tissue/IMC/split_channels_nohpf/Leap092_3/B7-H4.tiff
/home/giuseppe/devices/Delta_Tissue/IMC/split_channels_nohpf/Leap096_7/B7-H4.tiff
/home/giuseppe/devices/Delta_Tissue/IMC/split_channels_nohpf/Leap043_3/B7-H4.tiff
/home/giuseppe/devices/Delta_Tissue/IMC/split_channels_nohpf/Leap095_10/B7-H4.tiff
/home/giuseppe/devices/Delta_Tissue/IMC/split_channels_nohpf/Leap094_24/B7-H4.tiff
/home/giuseppe/devices/Delta_Tissue/IMC/split_channels_nohpf/Leap004_7/B7-H4.tiff
/home/giuseppe/devices/Delta_Tissue/IMC/split_channels_nohpf/Leap056_10/B7-H4.tiff
/home/giuseppe/devices/Delta_Tissue/IMC/split_channels_nohpf/Leap062_4/B7-H4.tiff
/home/giuseppe/devices/Delta_Tissue/IMC/split_channels_nohpf/Leap068_4/B7-H4.tiff
/home/giuseppe/devices/Delta_Tissue/IMC/split_channels_nohpf/Leap089_6/B7-H4.tiff
/home/giuseppe/devices/Delta_Tissue/IMC/split_channels_nohpf/Leap089_4/B7-H4.tiff
/home/giuseppe/devices/Delta_Tissue/IMC/split_channels_nohpf/Leap011_13/B7-H4.tiff
/home/giuseppe/devices/Delta_Tissue/IMC/split_channels_nohpf/Leap083_7/B7-H4.tiff
/home/giuseppe/devices/Delta_Tissue/IMC/split_channels_nohpf/Leap062_9/B7-H4.tiff
/home/giuseppe/devices/Delta_Tissue/IMC/split_channels_nohpf/Leap051_18/B7-H4.tiff
/home/giuseppe/devices/Delta_Tissue/IMC/split_channels_nohpf/Leap009_11/B7-H4.tiff
/home/giuseppe/devices/Delta_Tissue/IMC/split_channels_nohpf/Leap073_1/B7-H4.tiff
/home/giuseppe/devices/Delta_Tissue/IMC/split_channels_nohpf/Leap094_1/B7-H4.tiff
/home/giuseppe/devices/Delta_Tissue/IMC/split_channels_nohpf/Leap064_4/B7-H4.tiff
/home/giuseppe/devices/Delta_Tissue/IMC/split_channels_nohpf/Leap069_2/B7-H4.tiff
/home/giuseppe/devices/Delta_Tissue/IMC/split_channels_nohpf/Leap013_4/B7-H4.tiff
/home/giuseppe/devices/Delta_Tissue/IMC/split_channels_nohpf/Leap053_8/B7-H4.tiff
/home/giuseppe/devices/Delta_Tissue/IMC/split_channels_nohpf/Leap059_1/B7-H4.tiff
/home/giuseppe/devices/Delta_Tissue/IMC/split_channels_nohpf/Leap041_4/B7-H4.tiff
/home/giuseppe/devices/Delta_Tissue/IMC/split_channels_nohpf/Leap019_13/B7-H4.tiff
/home/giuseppe/devices/Delta_Tissue/IMC/split_channels_nohpf/Leap081_18/B7-H4.tiff
/home/giuseppe/devices/Delta_Tissue/IMC/split_channels_nohpf/Leap061_6/B7-H4.tiff
/home/giuseppe/devices/Delta_Tissue/IMC/split_channels_nohpf/Leap055_14/B7-H4.tiff
/home/giuseppe/devices/Delta_Tissue/IMC/split_channels_nohpf/Leap036_7/B7-H4.tiff
/home/giuseppe/devices/Delta_Tissue/IMC/split_channels_nohpf/Leap069_4/B7-H4.tiff
/home/giuseppe/devices/Delta_Tissue/IMC/split_channels_nohpf/Leap056_11/B7-H4.tiff
/home/giuseppe/devices/Delta_Tissue/IMC/split_channels_nohpf/Leap081_16/B7-H4.tiff
/home/giuseppe/devices/Delta_Tissue/IMC/split_channels_nohpf/Leap043_5/B7-H4.tiff
/home/giuseppe/devices/Delta_Tissue/IMC/split_channels_nohpf/Leap079_2/B7-H4.tiff
/home/giuseppe/devices/Delta_Tissue/IMC/split_channels_nohpf/Leap071_3/B7-H4.tiff
/home/giuseppe/devices/Delta_Tissue/IMC/split_channels_nohpf/Leap057_2/B7-H4.tiff
/home/giuseppe/devices/Delta_Tissue/IMC/split_channels_nohpf/Leap004_5/B7-H4.tiff
/home/giuseppe/devices/Delta_Tissue/IMC/split_channels_nohpf/Leap016_2/B7-H4.tiff
/home/giuseppe/devices/Delta_Tissue/IMC/split_channels_nohpf/Leap018_23/B7-H4.tiff
/home/giuseppe/devices/Delta_Tissue/IMC/split_channels_nohpf/Leap061_3/B7-H4.tiff
/home/giuseppe/devices/Delta_Tissue/IMC/split_channels_nohpf/Leap030_11/B7-H4.tiff
/home/giuseppe/devices/Delta_Tissue/IMC/split_channels_nohpf/Leap073_12/B7-H4.tiff
/home/giuseppe/devices/Delta_Tissue/IMC/split_channels_nohpf/Leap025_4/B7-H4.tiff
/home/giuseppe/devices/Delta_Tissue/IMC/split_channels_nohpf/Leap019_9/B7-H4.tiff
/home/giuseppe/devices/Delta_Tissue/IMC/split_channels_nohpf/Leap017_23/B7-H4.tiff
/home/giuseppe/devices/Delta_Tissue/IMC/split_channels_nohpf/Leap094_18/B7-H4.tiff
/home/giuseppe/devices/Delta_Tissue/IMC/split_channels_nohpf/Leap006_1/B7-H4.tiff
/home/giuseppe/devices/Delta_Tissue/IMC/split_channels_nohpf/Leap011_7/B7-H4.tiff
/home/giuseppe/devices/Delta_Tissue/IMC/split_channels_nohpf/Leap094_10/B7-H4.tiff
/home/giuseppe/devices/Delta_Tissue/IMC/split_channels_nohpf/Leap081_15/B7-H4.tiff
/home/giuseppe/devices/Delta_Tissue/IMC/split_channels_nohpf/Leap052_12/B7-H4.tiff
/home/giuseppe/devices/Delta_Tissue/IMC/split_channels_nohpf/Leap009_18/B7-H4.tiff
/home/giuseppe/devices/Delta_Tissue/IMC/split_channels_nohpf/Leap028_9/B7-H4.tiff
/home/giuseppe/devices/Delta_Tissue/IMC/split_channels_nohpf/Leap033_5/B7-H4.tiff
/home/giuseppe/devices/Delta_Tissue/IMC/split_channels_nohpf/Leap081_12/B7-H4.tiff
/home/giuseppe/devices/Delta_Tissue/IMC/split_channels_nohpf/Leap041_2/B7-H4.tiff
/home/giuseppe/devices/Delta_Tissue/IMC/split_channels_nohpf/Leap022_2/B7-H4.tiff
/home/giuseppe/devices/Delta_Tissue/IMC/split_channels_nohpf/Leap054_7/B7-H4.tiff
/home/giuseppe/devices/Delta_Tissue/IMC/split_channels_nohpf/Leap093_6/B7-H4.tiff
/home/giuseppe/devices/Delta_Tissue/IMC/split_channels_nohpf/Leap009_8/B7-H4.tiff
/home/giuseppe/devices/Delta_Tissue/IMC/split_channels_nohpf/Leap004_2_14/B7-H4.tiff
/home/giuseppe/devices/Delta_Tissue/IMC/split_channels_nohpf/Leap051_19/B7-H4.tiff
/home/giuseppe/devices/Delta_Tissue/IMC/split_channels_nohpf/Leap004_4/B7-H4.tiff
/home/giuseppe/devices/Delta_Tissue/IMC/split_channels_nohpf/Leap059_6/B7-H4.tiff
/home/giuseppe/devices/Delta_Tissue/IMC/split_channels_nohpf/Leap082_2/B7-H4.tiff
/home/giuseppe/devices/Delta_Tissue/IMC/split_channels_nohpf/Leap014_11/B7-H4.tiff
/home/giuseppe/devices/Delta_Tissue/IMC/split_channels_nohpf/Leap045_14/B7-H4.tiff
/home/giuseppe/devices/Delta_Tissue/IMC/split_channels_nohpf/Leap033_4/B7-H4.tiff
/home/giuseppe/devices/Delta_Tissue/IMC/split_channels_nohpf/Leap049_4/B7-H4.tiff
/home/giuseppe/devices/Delta_Tissue/IMC/split_channels_nohpf/Leap077_11/B7-H4.tiff
/home/giuseppe/devices/Delta_Tissue/IMC/split_channels_nohpf/Leap009_15/B7-H4.tiff
/home/giuseppe/devices/Delta_Tissue/IMC/split_channels_nohpf/Leap057_14/B7-H4.tiff
/home/giuseppe/devices/Delta_Tissue/IMC/split_channels_nohpf/Leap036_10/B7-H4.tiff
/home/giuseppe/devices/Delta_Tissue/IMC/split_channels_nohpf/Leap034_10/B7-H4.tiff
/home/giuseppe/devices/Delta_Tissue/IMC/split_channels_nohpf/Leap041_3/B7-H4.tiff
/home/giuseppe/devices/Delta_Tissue/IMC/split_channels_nohpf/Leap081_17/B7-H4.tiff
/home/giuseppe/devices/Delta_Tissue/IMC/split_channels_nohpf/Leap036_8/B7-H4.tiff
/home/giuseppe/devices/Delta_Tissue/IMC/split_channels_nohpf/Leap088_9/B7-H4.tiff
/home/giuseppe/devices/Delta_Tissue/IMC/split_channels_nohpf/Leap052_11/B7-H4.tiff
/home/giuseppe/devices/Delta_Tissue/IMC/split_channels_nohpf/Leap020_4/B7-H4.tiff
/home/giuseppe/devices/Delta_Tissue/IMC/split_channels_nohpf/Leap053_7/B7-H4.tiff
/home/giuseppe/devices/Delta_Tissue/IMC/split_channels_nohpf/Leap021_3/B7-H4.tiff
/home/giuseppe/devices/Delta_Tissue/IMC/split_channels_nohpf/Leap064_7/B7-H4.tiff
/home/giuseppe/devices/Delta_Tissue/IMC/split_channels_nohpf/Leap054_11/B7-H4.tiff
/home/giuseppe/devices/Delta_Tissue/IMC/split_channels_nohpf/Leap033_1/B7-H4.tiff
/home/giuseppe/devices/Delta_Tissue/IMC/split_channels_nohpf/Leap055_9/B7-H4.tiff
/home/giuseppe/devices/Delta_Tissue/IMC/split_channels_nohpf/Leap040_13/B7-H4.tiff
/home/giuseppe/devices/Delta_Tissue/IMC/split_channels_nohpf/Leap018_16/B7-H4.tiff
/home/giuseppe/devices/Delta_Tissue/IMC/split_channels_nohpf/Leap058_2/B7-H4.tiff
/home/giuseppe/devices/Delta_Tissue/IMC/split_channels_nohpf/Leap096_8/B7-H4.tiff
/home/giuseppe/devices/Delta_Tissue/IMC/split_channels_nohpf/Leap080_3/B7-H4.tiff
/home/giuseppe/devices/Delta_Tissue/IMC/split_channels_nohpf/Leap011_3/B7-H4.tiff
/home/giuseppe/devices/Delta_Tissue/IMC/split_channels_nohpf/Leap065_2/B7-H4.tiff
/home/giuseppe/devices/Delta_Tissue/IMC/split_channels_nohpf/Leap054_1/B7-H4.tiff
/home/giuseppe/devices/Delta_Tissue/IMC/split_channels_nohpf/Leap073_13/B7-H4.tiff
/home/giuseppe/devices/Delta_Tissue/IMC/split_channels_nohpf/Leap020_6/B7-H4.tiff
/home/giuseppe/devices/Delta_Tissue/IMC/split_channels_nohpf/Leap051_23/B7-H4.tiff
/home/giuseppe/devices/Delta_Tissue/IMC/split_channels_nohpf/Leap035_9/B7-H4.tiff
/home/giuseppe/devices/Delta_Tissue/IMC/split_channels_nohpf/Leap082_1/B7-H4.tiff
/home/giuseppe/devices/Delta_Tissue/IMC/split_channels_nohpf/Leap011_8/B7-H4.tiff
/home/giuseppe/devices/Delta_Tissue/IMC/split_channels_nohpf/Leap085_1/B7-H4.tiff
/home/giuseppe/devices/Delta_Tissue/IMC/split_channels_nohpf/Leap005_1/B7-H4.tiff
/home/giuseppe/devices/Delta_Tissue/IMC/split_channels_nohpf/Leap083_6/B7-H4.tiff
/home/giuseppe/devices/Delta_Tissue/IMC/split_channels_nohpf/Leap083_1/B7-H4.tiff
/home/giuseppe/devices/Delta_Tissue/IMC/split_channels_nohpf/Leap088_7/B7-H4.tiff
/home/giuseppe/devices/Delta_Tissue/IMC/split_channels_nohpf/Leap094_22/B7-H4.tiff
/home/giuseppe/devices/Delta_Tissue/IMC/split_channels_nohpf/Leap069_1/B7-H4.tiff
/home/giuseppe/devices/Delta_Tissue/IMC/split_channels_nohpf/Leap062_10/B7-H4.tiff
/home/giuseppe/devices/Delta_Tissue/IMC/split_channels_nohpf/Leap033_6/B7-H4.tiff
/home/giuseppe/devices/Delta_Tissue/IMC/split_channels_nohpf/Leap031_5/B7-H4.tiff
/home/giuseppe/devices/Delta_Tissue/IMC/split_channels_nohpf/Leap004_10/B7-H4.tiff
/home/giuseppe/devices/Delta_Tissue/IMC/split_channels_nohpf/Leap055_12/B7-H4.tiff
/home/giuseppe/devices/Delta_Tissue/IMC/split_channels_nohpf/Leap059_3/B7-H4.tiff
/home/giuseppe/devices/Delta_Tissue/IMC/split_channels_nohpf/Leap022_4/B7-H4.tiff
/home/giuseppe/devices/Delta_Tissue/IMC/split_channels_nohpf/Leap009_2/B7-H4.tiff
/home/giuseppe/devices/Delta_Tissue/IMC/split_channels_nohpf/Leap095_8/B7-H4.tiff
/home/giuseppe/devices/Delta_Tissue/IMC/split_channels_nohpf/Leap014_13/B7-H4.tiff
/home/giuseppe/devices/Delta_Tissue/IMC/split_channels_nohpf/Leap058_8/B7-H4.tiff
/home/giuseppe/devices/Delta_Tissue/IMC/split_channels_nohpf/Leap088_5/B7-H4.tiff
/home/giuseppe/devices/Delta_Tissue/IMC/split_channels_nohpf/Leap073_11/B7-H4.tiff
/home/giuseppe/devices/Delta_Tissue/IMC/split_channels_nohpf/Leap095_13/B7-H4.tiff
/home/giuseppe/devices/Delta_Tissue/IMC/split_channels_nohpf/Leap057_7/B7-H4.tiff
/home/giuseppe/devices/Delta_Tissue/IMC/split_channels_nohpf/Leap089_11/B7-H4.tiff
/home/giuseppe/devices/Delta_Tissue/IMC/split_channels_nohpf/Leap074_2/B7-H4.tiff
/home/giuseppe/devices/Delta_Tissue/IMC/split_channels_nohpf/Leap028_12/B7-H4.tiff
/home/giuseppe/devices/Delta_Tissue/IMC/split_channels_nohpf/Leap055_7/B7-H4.tiff
/home/giuseppe/devices/Delta_Tissue/IMC/split_channels_nohpf/Leap032_7/B7-H4.tiff
/home/giuseppe/devices/Delta_Tissue/IMC/split_channels_nohpf/Leap021_2/B7-H4.tiff
/home/giuseppe/devices/Delta_Tissue/IMC/split_channels_nohpf/Leap017_2/B7-H4.tiff
/home/giuseppe/devices/Delta_Tissue/IMC/split_channels_nohpf/Leap064_6/B7-H4.tiff
/home/giuseppe/devices/Delta_Tissue/IMC/split_channels_nohpf/Leap011_6/B7-H4.tiff
/home/giuseppe/devices/Delta_Tissue/IMC/split_channels_nohpf/Leap018_5/B7-H4.tiff
/home/giuseppe/devices/Delta_Tissue/IMC/split_channels_nohpf/Leap096_3/B7-H4.tiff
/home/giuseppe/devices/Delta_Tissue/IMC/split_channels_nohpf/Leap053_3/B7-H4.tiff
/home/giuseppe/devices/Delta_Tissue/IMC/split_channels_nohpf/Leap028_14/B7-H4.tiff
/home/giuseppe/devices/Delta_Tissue/IMC/split_channels_nohpf/Leap064_3/B7-H4.tiff
/home/giuseppe/devices/Delta_Tissue/IMC/split_channels_nohpf/Leap073_2/B7-H4.tiff
/home/giuseppe/devices/Delta_Tissue/IMC/split_channels_nohpf/Leap031_4/B7-H4.tiff
/home/giuseppe/devices/Delta_Tissue/IMC/split_channels_nohpf/Leap035_11/B7-H4.tiff
/home/giuseppe/devices/Delta_Tissue/IMC/split_channels_nohpf/Leap077_10/B7-H4.tiff
/home/giuseppe/devices/Delta_Tissue/IMC/split_channels_nohpf/Leap023_3/B7-H4.tiff
/home/giuseppe/devices/Delta_Tissue/IMC/split_channels_nohpf/Leap068_11/B7-H4.tiff
/home/giuseppe/devices/Delta_Tissue/IMC/split_channels_nohpf/Leap081_13/B7-H4.tiff
/home/giuseppe/devices/Delta_Tissue/IMC/split_channels_nohpf/Leap066_13/B7-H4.tiff
/home/giuseppe/devices/Delta_Tissue/IMC/split_channels_nohpf/Leap011_2/B7-H4.tiff
/home/giuseppe/devices/Delta_Tissue/IMC/split_channels_nohpf/Leap033_7/B7-H4.tiff
/home/giuseppe/devices/Delta_Tissue/IMC/split_channels_nohpf/Leap035_13/B7-H4.tiff
/home/giuseppe/devices/Delta_Tissue/IMC/split_channels_nohpf/Leap096_5/B7-H4.tiff
/home/giuseppe/devices/Delta_Tissue/IMC/split_channels_nohpf/Leap010_6/B7-H4.tiff
/home/giuseppe/devices/Delta_Tissue/IMC/split_channels_nohpf/Leap039_3/B7-H4.tiff
/home/giuseppe/devices/Delta_Tissue/IMC/split_channels_nohpf/Leap009_16/B7-H4.tiff
/home/giuseppe/devices/Delta_Tissue/IMC/split_channels_nohpf/Leap068_7/B7-H4.tiff
/home/giuseppe/devices/Delta_Tissue/IMC/split_channels_nohpf/Leap081_21/B7-H4.tiff
/home/giuseppe/devices/Delta_Tissue/IMC/split_channels_nohpf/Leap004_2_15/B7-H4.tiff
/home/giuseppe/devices/Delta_Tissue/IMC/split_channels_nohpf/Leap039_4/B7-H4.tiff
/home/giuseppe/devices/Delta_Tissue/IMC/split_channels_nohpf/Leap013_5/B7-H4.tiff
/home/giuseppe/devices/Delta_Tissue/IMC/split_channels_nohpf/Leap009_1/B7-H4.tiff
/home/giuseppe/devices/Delta_Tissue/IMC/split_channels_nohpf/Leap013_2/B7-H4.tiff
/home/giuseppe/devices/Delta_Tissue/IMC/split_channels_nohpf/Leap071_2/B7-H4.tiff
/home/giuseppe/devices/Delta_Tissue/IMC/split_channels_nohpf/Leap012_22/B7-H4.tiff
/home/giuseppe/devices/Delta_Tissue/IMC/split_channels_nohpf/Leap038_10/B7-H4.tiff
/home/giuseppe/devices/Delta_Tissue/IMC/split_channels_nohpf/Leap084_4/B7-H4.tiff
/home/giuseppe/devices/Delta_Tissue/IMC/split_channels_nohpf/Leap011_9/B7-H4.tiff
/home/giuseppe/devices/Delta_Tissue/IMC/split_channels_nohpf/Leap074_5/B7-H4.tiff
/home/giuseppe/devices/Delta_Tissue/IMC/split_channels_nohpf/Leap073_3/B7-H4.tiff
/home/giuseppe/devices/Delta_Tissue/IMC/split_channels_nohpf/Leap005_4/B7-H4.tiff
/home/giuseppe/devices/Delta_Tissue/IMC/split_channels_nohpf/Leap058_1/B7-H4.tiff
/home/giuseppe/devices/Delta_Tissue/IMC/split_channels_nohpf/Leap035_14/B7-H4.tiff
/home/giuseppe/devices/Delta_Tissue/IMC/split_channels_nohpf/Leap008_10/B7-H4.tiff
/home/giuseppe/devices/Delta_Tissue/IMC/split_channels_nohpf/Leap018_18/B7-H4.tiff
/home/giuseppe/devices/Delta_Tissue/IMC/split_channels_nohpf/Leap045_13/B7-H4.tiff
/home/giuseppe/devices/Delta_Tissue/IMC/split_channels_nohpf/Leap024_7/B7-H4.tiff
/home/giuseppe/devices/Delta_Tissue/IMC/split_channels_nohpf/Leap029_5/B7-H4.tiff
/home/giuseppe/devices/Delta_Tissue/IMC/split_channels_nohpf/Leap086_7/B7-H4.tiff
/home/giuseppe/devices/Delta_Tissue/IMC/split_channels_nohpf/Leap035_6/B7-H4.tiff
/home/giuseppe/devices/Delta_Tissue/IMC/split_channels_nohpf/Leap094_21/B7-H4.tiff
/home/giuseppe/devices/Delta_Tissue/IMC/split_channels_nohpf/Leap066_4/B7-H4.tiff
/home/giuseppe/devices/Delta_Tissue/IMC/split_channels_nohpf/Leap010_2/B7-H4.tiff
/home/giuseppe/devices/Delta_Tissue/IMC/split_channels_nohpf/Leap067_7/B7-H4.tiff
/home/giuseppe/devices/Delta_Tissue/IMC/split_channels_nohpf/Leap016_5/B7-H4.tiff
/home/giuseppe/devices/Delta_Tissue/IMC/split_channels_nohpf/Leap015_3/B7-H4.tiff
/home/giuseppe/devices/Delta_Tissue/IMC/split_channels_nohpf/Leap077_2/B7-H4.tiff
/home/giuseppe/devices/Delta_Tissue/IMC/split_channels_nohpf/Leap057_12/B7-H4.tiff
/home/giuseppe/devices/Delta_Tissue/IMC/split_channels_nohpf/Leap074_1/B7-H4.tiff
/home/giuseppe/devices/Delta_Tissue/IMC/split_channels_nohpf/Leap088_6/B7-H4.tiff
/home/giuseppe/devices/Delta_Tissue/IMC/split_channels_nohpf/Leap018_12/B7-H4.tiff
/home/giuseppe/devices/Delta_Tissue/IMC/split_channels_nohpf/Leap042_1/B7-H4.tiff
/home/giuseppe/devices/Delta_Tissue/IMC/split_channels_nohpf/Leap031_9/B7-H4.tiff
/home/giuseppe/devices/Delta_Tissue/IMC/split_channels_nohpf/Leap037_11/B7-H4.tiff
/home/giuseppe/devices/Delta_Tissue/IMC/split_channels_nohpf/Leap079_7/B7-H4.tiff
/home/giuseppe/devices/Delta_Tissue/IMC/split_channels_nohpf/Leap095_3/B7-H4.tiff
/home/giuseppe/devices/Delta_Tissue/IMC/split_channels_nohpf/Leap077_12/B7-H4.tiff
/home/giuseppe/devices/Delta_Tissue/IMC/split_channels_nohpf/Leap031_3/B7-H4.tiff
/home/giuseppe/devices/Delta_Tissue/IMC/split_channels_nohpf/Leap038_1/B7-H4.tiff
/home/giuseppe/devices/Delta_Tissue/IMC/split_channels_nohpf/Leap093_7/B7-H4.tiff
/home/giuseppe/devices/Delta_Tissue/IMC/split_channels_nohpf/Leap076_5/B7-H4.tiff
/home/giuseppe/devices/Delta_Tissue/IMC/split_channels_nohpf/Leap002_6/B7-H4.tiff
/home/giuseppe/devices/Delta_Tissue/IMC/split_channels_nohpf/Leap061_7/B7-H4.tiff
/home/giuseppe/devices/Delta_Tissue/IMC/split_channels_nohpf/Leap005_9/B7-H4.tiff
/home/giuseppe/devices/Delta_Tissue/IMC/split_channels_nohpf/Leap084_3/B7-H4.tiff
/home/giuseppe/devices/Delta_Tissue/IMC/split_channels_nohpf/Leap041_10/B7-H4.tiff
/home/giuseppe/devices/Delta_Tissue/IMC/split_channels_nohpf/Leap045_7/B7-H4.tiff
/home/giuseppe/devices/Delta_Tissue/IMC/split_channels_nohpf/Leap057_4/B7-H4.tiff
/home/giuseppe/devices/Delta_Tissue/IMC/split_channels_nohpf/Leap004_1/B7-H4.tiff
/home/giuseppe/devices/Delta_Tissue/IMC/split_channels_nohpf/Leap017_6/B7-H4.tiff
/home/giuseppe/devices/Delta_Tissue/IMC/split_channels_nohpf/Leap039_7/B7-H4.tiff
/home/giuseppe/devices/Delta_Tissue/IMC/split_channels_nohpf/Leap023_7/B7-H4.tiff
/home/giuseppe/devices/Delta_Tissue/IMC/split_channels_nohpf/Leap017_10/B7-H4.tiff
/home/giuseppe/devices/Delta_Tissue/IMC/split_channels_nohpf/Leap057_3/B7-H4.tiff
/home/giuseppe/devices/Delta_Tissue/IMC/split_channels_nohpf/Leap093_2/B7-H4.tiff
/home/giuseppe/devices/Delta_Tissue/IMC/split_channels_nohpf/Leap035_8/B7-H4.tiff
/home/giuseppe/devices/Delta_Tissue/IMC/split_channels_nohpf/Leap009_12/B7-H4.tiff
/home/giuseppe/devices/Delta_Tissue/IMC/split_channels_nohpf/Leap053_11/B7-H4.tiff
/home/giuseppe/devices/Delta_Tissue/IMC/split_channels_nohpf/Leap081_3/B7-H4.tiff
/home/giuseppe/devices/Delta_Tissue/IMC/split_channels_nohpf/Leap089_3/B7-H4.tiff
/home/giuseppe/devices/Delta_Tissue/IMC/split_channels_nohpf/Leap019_12/B7-H4.tiff
/home/giuseppe/devices/Delta_Tissue/IMC/split_channels_nohpf/Leap080_2/B7-H4.tiff
/home/giuseppe/devices/Delta_Tissue/IMC/split_channels_nohpf/Leap017_13/B7-H4.tiff
/home/giuseppe/devices/Delta_Tissue/IMC/split_channels_nohpf/Leap095_11/B7-H4.tiff
/home/giuseppe/devices/Delta_Tissue/IMC/split_channels_nohpf/Leap012_25/B7-H4.tiff
/home/giuseppe/devices/Delta_Tissue/IMC/split_channels_nohpf/Leap003_15/B7-H4.tiff
/home/giuseppe/devices/Delta_Tissue/IMC/split_channels_nohpf/Leap041_14/B7-H4.tiff
/home/giuseppe/devices/Delta_Tissue/IMC/split_channels_nohpf/Leap008_5/B7-H4.tiff
/home/giuseppe/devices/Delta_Tissue/IMC/split_channels_nohpf/Leap067_8/B7-H4.tiff
/home/giuseppe/devices/Delta_Tissue/IMC/split_channels_nohpf/Leap084_14/B7-H4.tiff
/home/giuseppe/devices/Delta_Tissue/IMC/split_channels_nohpf/Leap090_6/B7-H4.tiff
/home/giuseppe/devices/Delta_Tissue/IMC/split_channels_nohpf/Leap074_3/B7-H4.tiff
/home/giuseppe/devices/Delta_Tissue/IMC/split_channels_nohpf/Leap017_4/B7-H4.tiff
/home/giuseppe/devices/Delta_Tissue/IMC/split_channels_nohpf/Leap014_10/B7-H4.tiff
/home/giuseppe/devices/Delta_Tissue/IMC/split_channels_nohpf/Leap016_3/B7-H4.tiff
/home/giuseppe/devices/Delta_Tissue/IMC/split_channels_nohpf/Leap048_3/B7-H4.tiff
/home/giuseppe/devices/Delta_Tissue/IMC/split_channels_nohpf/Leap012_23/B7-H4.tiff
/home/giuseppe/devices/Delta_Tissue/IMC/split_channels_nohpf/Leap066_7/B7-H4.tiff
/home/giuseppe/devices/Delta_Tissue/IMC/split_channels_nohpf/Leap017_8/B7-H4.tiff
/home/giuseppe/devices/Delta_Tissue/IMC/split_channels_nohpf/Leap053_4/B7-H4.tiff
/home/giuseppe/devices/Delta_Tissue/IMC/split_channels_nohpf/Leap081_6/B7-H4.tiff
/home/giuseppe/devices/Delta_Tissue/IMC/split_channels_nohpf/Leap083_2/B7-H4.tiff
/home/giuseppe/devices/Delta_Tissue/IMC/split_channels_nohpf/Leap018_22/B7-H4.tiff
/home/giuseppe/devices/Delta_Tissue/IMC/split_channels_nohpf/Leap068_2/B7-H4.tiff
/home/giuseppe/devices/Delta_Tissue/IMC/split_channels_nohpf/Leap079_5/B7-H4.tiff
/home/giuseppe/devices/Delta_Tissue/IMC/split_channels_nohpf/Leap048_2/B7-H4.tiff
/home/giuseppe/devices/Delta_Tissue/IMC/split_channels_nohpf/Leap017_21/B7-H4.tiff
/home/giuseppe/devices/Delta_Tissue/IMC/split_channels_nohpf/Leap008_9/B7-H4.tiff
/home/giuseppe/devices/Delta_Tissue/IMC/split_channels_nohpf/Leap092_10/B7-H4.tiff
/home/giuseppe/devices/Delta_Tissue/IMC/split_channels_nohpf/Leap055_3/B7-H4.tiff
/home/giuseppe/devices/Delta_Tissue/IMC/split_channels_nohpf/Leap018_14/B7-H4.tiff
/home/giuseppe/devices/Delta_Tissue/IMC/split_channels_nohpf/Leap026_3/B7-H4.tiff
/home/giuseppe/devices/Delta_Tissue/IMC/split_channels_nohpf/Leap059_4/B7-H4.tiff
/home/giuseppe/devices/Delta_Tissue/IMC/split_channels_nohpf/Leap056_7/B7-H4.tiff
/home/giuseppe/devices/Delta_Tissue/IMC/split_channels_nohpf/Leap040_12/B7-H4.tiff
/home/giuseppe/devices/Delta_Tissue/IMC/split_channels_nohpf/Leap052_6/B7-H4.tiff
/home/giuseppe/devices/Delta_Tissue/IMC/split_channels_nohpf/Leap022_3/B7-H4.tiff
/home/giuseppe/devices/Delta_Tissue/IMC/split_channels_nohpf/Leap067_12/B7-H4.tiff
/home/giuseppe/devices/Delta_Tissue/IMC/split_channels_nohpf/Leap067_5/B7-H4.tiff
/home/giuseppe/devices/Delta_Tissue/IMC/split_channels_nohpf/Leap051_20/B7-H4.tiff
/home/giuseppe/devices/Delta_Tissue/IMC/split_channels_nohpf/Leap092_5/B7-H4.tiff
/home/giuseppe/devices/Delta_Tissue/IMC/split_channels_nohpf/Leap067_10/B7-H4.tiff
/home/giuseppe/devices/Delta_Tissue/IMC/split_channels_nohpf/Leap068_3/B7-H4.tiff
/home/giuseppe/devices/Delta_Tissue/IMC/split_channels_nohpf/Leap017_18/B7-H4.tiff
/home/giuseppe/devices/Delta_Tissue/IMC/split_channels_nohpf/Leap019_11/B7-H4.tiff
/home/giuseppe/devices/Delta_Tissue/IMC/split_channels_nohpf/Leap090_4/B7-H4.tiff
/home/giuseppe/devices/Delta_Tissue/IMC/split_channels_nohpf/Leap052_9/B7-H4.tiff
/home/giuseppe/devices/Delta_Tissue/IMC/split_channels_nohpf/Leap040_14/B7-H4.tiff
/home/giuseppe/devices/Delta_Tissue/IMC/split_channels_nohpf/Leap078_4/B7-H4.tiff
/home/giuseppe/devices/Delta_Tissue/IMC/split_channels_nohpf/Leap008_16/B7-H4.tiff
/home/giuseppe/devices/Delta_Tissue/IMC/split_channels_nohpf/Leap075_2/B7-H4.tiff
/home/giuseppe/devices/Delta_Tissue/IMC/split_channels_nohpf/Leap056_1/B7-H4.tiff
/home/giuseppe/devices/Delta_Tissue/IMC/split_channels_nohpf/Leap092_9/B7-H4.tiff
/home/giuseppe/devices/Delta_Tissue/IMC/split_channels_nohpf/Leap093_1/B7-H4.tiff
/home/giuseppe/devices/Delta_Tissue/IMC/split_channels_nohpf/Leap011_5/B7-H4.tiff
/home/giuseppe/devices/Delta_Tissue/IMC/split_channels_nohpf/Leap004_2/B7-H4.tiff
/home/giuseppe/devices/Delta_Tissue/IMC/split_channels_nohpf/Leap073_4/B7-H4.tiff
/home/giuseppe/devices/Delta_Tissue/IMC/split_channels_nohpf/Leap085_6/B7-H4.tiff
/home/giuseppe/devices/Delta_Tissue/IMC/split_channels_nohpf/Leap008_8/B7-H4.tiff
/home/giuseppe/devices/Delta_Tissue/IMC/split_channels_nohpf/Leap079_9/B7-H4.tiff
/home/giuseppe/devices/Delta_Tissue/IMC/split_channels_nohpf/Leap055_8/B7-H4.tiff
/home/giuseppe/devices/Delta_Tissue/IMC/split_channels_nohpf/Leap043_2/B7-H4.tiff
/home/giuseppe/devices/Delta_Tissue/IMC/split_channels_nohpf/Leap034_2/B7-H4.tiff
/home/giuseppe/devices/Delta_Tissue/IMC/split_channels_nohpf/Leap082_7/B7-H4.tiff
/home/giuseppe/devices/Delta_Tissue/IMC/split_channels_nohpf/Leap003_12/B7-H4.tiff
/home/giuseppe/devices/Delta_Tissue/IMC/split_channels_nohpf/Leap070_5/B7-H4.tiff
/home/giuseppe/devices/Delta_Tissue/IMC/split_channels_nohpf/Leap005_12/B7-H4.tiff
/home/giuseppe/devices/Delta_Tissue/IMC/split_channels_nohpf/Leap073_6/B7-H4.tiff
/home/giuseppe/devices/Delta_Tissue/IMC/split_channels_nohpf/Leap018_1/B7-H4.tiff
/home/giuseppe/devices/Delta_Tissue/IMC/split_channels_nohpf/Leap013_3/B7-H4.tiff
/home/giuseppe/devices/Delta_Tissue/IMC/split_channels_nohpf/Leap079_1/B7-H4.tiff
/home/giuseppe/devices/Delta_Tissue/IMC/split_channels_nohpf/Leap057_13/B7-H4.tiff
/home/giuseppe/devices/Delta_Tissue/IMC/split_channels_nohpf/Leap062_8/B7-H4.tiff
/home/giuseppe/devices/Delta_Tissue/IMC/split_channels_nohpf/Leap031_8/B7-H4.tiff
/home/giuseppe/devices/Delta_Tissue/IMC/split_channels_nohpf/Leap086_6/B7-H4.tiff
/home/giuseppe/devices/Delta_Tissue/IMC/split_channels_nohpf/Leap018_10/B7-H4.tiff
/home/giuseppe/devices/Delta_Tissue/IMC/split_channels_nohpf/Leap092_8/B7-H4.tiff
/home/giuseppe/devices/Delta_Tissue/IMC/split_channels_nohpf/Leap053_10/B7-H4.tiff
/home/giuseppe/devices/Delta_Tissue/IMC/split_channels_nohpf/Leap066_2/B7-H4.tiff
/home/giuseppe/devices/Delta_Tissue/IMC/split_channels_nohpf/Leap018_15/B7-H4.tiff
/home/giuseppe/devices/Delta_Tissue/IMC/split_channels_nohpf/Leap068_13/B7-H4.tiff
/home/giuseppe/devices/Delta_Tissue/IMC/split_channels_nohpf/Leap017_19/B7-H4.tiff
/home/giuseppe/devices/Delta_Tissue/IMC/split_channels_nohpf/Leap024_2/B7-H4.tiff
/home/giuseppe/devices/Delta_Tissue/IMC/split_channels_nohpf/Leap052_10/B7-H4.tiff
/home/giuseppe/devices/Delta_Tissue/IMC/split_channels_nohpf/Leap041_9/B7-H4.tiff
/home/giuseppe/devices/Delta_Tissue/IMC/split_channels_nohpf/Leap019_7/B7-H4.tiff
/home/giuseppe/devices/Delta_Tissue/IMC/split_channels_nohpf/Leap040_3/B7-H4.tiff
/home/giuseppe/devices/Delta_Tissue/IMC/split_channels_nohpf/Leap081_19/B7-H4.tiff
/home/giuseppe/devices/Delta_Tissue/IMC/split_channels_nohpf/Leap048_5/B7-H4.tiff
/home/giuseppe/devices/Delta_Tissue/IMC/split_channels_nohpf/Leap080_4/B7-H4.tiff
/home/giuseppe/devices/Delta_Tissue/IMC/split_channels_nohpf/Leap029_4/B7-H4.tiff
/home/giuseppe/devices/Delta_Tissue/IMC/split_channels_nohpf/Leap094_23/B7-H4.tiff
/home/giuseppe/devices/Delta_Tissue/IMC/split_channels_nohpf/Leap093_4/B7-H4.tiff
/home/giuseppe/devices/Delta_Tissue/IMC/split_channels_nohpf/Leap058_9/B7-H4.tiff
/home/giuseppe/devices/Delta_Tissue/IMC/split_channels_nohpf/Leap009_13/B7-H4.tiff
/home/giuseppe/devices/Delta_Tissue/IMC/split_channels_nohpf/Leap040_11/B7-H4.tiff
/home/giuseppe/devices/Delta_Tissue/IMC/split_channels_nohpf/Leap017_5/B7-H4.tiff
/home/giuseppe/devices/Delta_Tissue/IMC/split_channels_nohpf/Leap066_5/B7-H4.tiff
/home/giuseppe/devices/Delta_Tissue/IMC/split_channels_nohpf/Leap069_3/B7-H4.tiff
/home/giuseppe/devices/Delta_Tissue/IMC/split_channels_nohpf/Leap087_3/B7-H4.tiff
/home/giuseppe/devices/Delta_Tissue/IMC/split_channels_nohpf/Leap078_1/B7-H4.tiff
/home/giuseppe/devices/Delta_Tissue/IMC/split_channels_nohpf/Leap028_11/B7-H4.tiff
/home/giuseppe/devices/Delta_Tissue/IMC/split_channels_nohpf/Leap017_17/B7-H4.tiff
/home/giuseppe/devices/Delta_Tissue/IMC/split_channels_nohpf/Leap009_17/B7-H4.tiff
/home/giuseppe/devices/Delta_Tissue/IMC/split_channels_nohpf/Leap049_1/B7-H4.tiff
/home/giuseppe/devices/Delta_Tissue/IMC/split_channels_nohpf/Leap021_5/B7-H4.tiff
/home/giuseppe/devices/Delta_Tissue/IMC/split_channels_nohpf/Leap082_10/B7-H4.tiff
/home/giuseppe/devices/Delta_Tissue/IMC/split_channels_nohpf/Leap084_7/B7-H4.tiff
/home/giuseppe/devices/Delta_Tissue/IMC/split_channels_nohpf/Leap018_24/B7-H4.tiff
/home/giuseppe/devices/Delta_Tissue/IMC/split_channels_nohpf/Leap068_6/B7-H4.tiff
/home/giuseppe/devices/Delta_Tissue/IMC/split_channels_nohpf/Leap076_4/B7-H4.tiff
/home/giuseppe/devices/Delta_Tissue/IMC/split_channels_nohpf/Leap011_1/B7-H4.tiff
/home/giuseppe/devices/Delta_Tissue/IMC/split_channels_nohpf/Leap014_16/B7-H4.tiff
/home/giuseppe/devices/Delta_Tissue/IMC/split_channels_nohpf/Leap065_3/B7-H4.tiff
/home/giuseppe/devices/Delta_Tissue/IMC/split_channels_nohpf/Leap055_6/B7-H4.tiff
/home/giuseppe/devices/Delta_Tissue/IMC/split_channels_nohpf/Leap011_19/B7-H4.tiff
/home/giuseppe/devices/Delta_Tissue/IMC/split_channels_nohpf/Leap022_5/B7-H4.tiff
/home/giuseppe/devices/Delta_Tissue/IMC/split_channels_nohpf/Leap087_8/B7-H4.tiff
/home/giuseppe/devices/Delta_Tissue/IMC/split_channels_nohpf/Leap032_10/B7-H4.tiff
/home/giuseppe/devices/Delta_Tissue/IMC/split_channels_nohpf/Leap036_3/B7-H4.tiff
/home/giuseppe/devices/Delta_Tissue/IMC/split_channels_nohpf/Leap089_7/B7-H4.tiff
/home/giuseppe/devices/Delta_Tissue/IMC/split_channels_nohpf/Leap048_8/B7-H4.tiff
/home/giuseppe/devices/Delta_Tissue/IMC/split_channels_nohpf/Leap087_13/B7-H4.tiff
/home/giuseppe/devices/Delta_Tissue/IMC/split_channels_nohpf/Leap090_3/B7-H4.tiff
/home/giuseppe/devices/Delta_Tissue/IMC/split_channels_nohpf/Leap045_12/B7-H4.tiff
/home/giuseppe/devices/Delta_Tissue/IMC/split_channels_nohpf/Leap080_1/B7-H4.tiff
/home/giuseppe/devices/Delta_Tissue/IMC/split_channels_nohpf/Leap086_3/B7-H4.tiff
/home/giuseppe/devices/Delta_Tissue/IMC/split_channels_nohpf/Leap079_3/B7-H4.tiff
/home/giuseppe/devices/Delta_Tissue/IMC/split_channels_nohpf/Leap021_6/B7-H4.tiff
/home/giuseppe/devices/Delta_Tissue/IMC/split_channels_nohpf/Leap090_7/B7-H4.tiff
/home/giuseppe/devices/Delta_Tissue/IMC/split_channels_nohpf/Leap019_14/B7-H4.tiff
/home/giuseppe/devices/Delta_Tissue/IMC/split_channels_nohpf/Leap057_15/B7-H4.tiff
/home/giuseppe/devices/Delta_Tissue/IMC/split_channels_nohpf/Leap045_8/B7-H4.tiff
/home/giuseppe/devices/Delta_Tissue/IMC/split_channels_nohpf/Leap057_9/B7-H4.tiff
/home/giuseppe/devices/Delta_Tissue/IMC/split_channels_nohpf/Leap030_13/B7-H4.tiff
/home/giuseppe/devices/Delta_Tissue/IMC/split_channels_nohpf/Leap005_5/B7-H4.tiff
/home/giuseppe/devices/Delta_Tissue/IMC/split_channels_nohpf/Leap019_8/B7-H4.tiff
/home/giuseppe/devices/Delta_Tissue/IMC/split_channels_nohpf/Leap095_5/B7-H4.tiff
/home/giuseppe/devices/Delta_Tissue/IMC/split_channels_nohpf/Leap062_5/B7-H4.tiff
/home/giuseppe/devices/Delta_Tissue/IMC/split_channels_nohpf/Leap009_9/B7-H4.tiff
/home/giuseppe/devices/Delta_Tissue/IMC/split_channels_nohpf/Leap088_3/B7-H4.tiff
/home/giuseppe/devices/Delta_Tissue/IMC/split_channels_nohpf/Leap087_6/B7-H4.tiff
/home/giuseppe/devices/Delta_Tissue/IMC/split_channels_nohpf/Leap084_18/B7-H4.tiff
/home/giuseppe/devices/Delta_Tissue/IMC/split_channels_nohpf/Leap045_9/B7-H4.tiff
/home/giuseppe/devices/Delta_Tissue/IMC/split_channels_nohpf/Leap084_10/B7-H4.tiff
/home/giuseppe/devices/Delta_Tissue/IMC/split_channels_nohpf/Leap055_4/B7-H4.tiff
/home/giuseppe/devices/Delta_Tissue/IMC/split_channels_nohpf/Leap070_2/B7-H4.tiff
/home/giuseppe/devices/Delta_Tissue/IMC/split_channels_nohpf/Leap041_17/B7-H4.tiff
/home/giuseppe/devices/Delta_Tissue/IMC/split_channels_nohpf/Leap025_2/B7-H4.tiff
/home/giuseppe/devices/Delta_Tissue/IMC/split_channels_nohpf/Leap094_8/B7-H4.tiff
/home/giuseppe/devices/Delta_Tissue/IMC/split_channels_nohpf/Leap025_5/B7-H4.tiff
/home/giuseppe/devices/Delta_Tissue/IMC/split_channels_nohpf/Leap034_4/B7-H4.tiff
/home/giuseppe/devices/Delta_Tissue/IMC/split_channels_nohpf/Leap092_7/B7-H4.tiff
/home/giuseppe/devices/Delta_Tissue/IMC/split_channels_nohpf/Leap029_2/B7-H4.tiff
/home/giuseppe/devices/Delta_Tissue/IMC/split_channels_nohpf/Leap040_8/B7-H4.tiff
/home/giuseppe/devices/Delta_Tissue/IMC/split_channels_nohpf/Leap079_6/B7-H4.tiff
/home/giuseppe/devices/Delta_Tissue/IMC/split_channels_nohpf/Leap089_8/B7-H4.tiff
/home/giuseppe/devices/Delta_Tissue/IMC/split_channels_nohpf/Leap094_9/B7-H4.tiff
/home/giuseppe/devices/Delta_Tissue/IMC/split_channels_nohpf/Leap014_19/B7-H4.tiff
/home/giuseppe/devices/Delta_Tissue/IMC/split_channels_nohpf/Leap068_1/B7-H4.tiff
/home/giuseppe/devices/Delta_Tissue/IMC/split_channels_nohpf/Leap094_14/B7-H4.tiff
/home/giuseppe/devices/Delta_Tissue/IMC/split_channels_nohpf/Leap004_9/B7-H4.tiff
/home/giuseppe/devices/Delta_Tissue/IMC/split_channels_nohpf/Leap085_7/B7-H4.tiff
/home/giuseppe/devices/Delta_Tissue/IMC/split_channels_nohpf/Leap010_10/B7-H4.tiff
/home/giuseppe/devices/Delta_Tissue/IMC/split_channels_nohpf/Leap014_20/B7-H4.tiff
/home/giuseppe/devices/Delta_Tissue/IMC/split_channels_nohpf/Leap051_15/B7-H4.tiff
/home/giuseppe/devices/Delta_Tissue/IMC/split_channels_nohpf/Leap094_15/B7-H4.tiff
/home/giuseppe/devices/Delta_Tissue/IMC/split_channels_nohpf/Leap087_5/B7-H4.tiff
/home/giuseppe/devices/Delta_Tissue/IMC/split_channels_nohpf/Leap039_2/B7-H4.tiff
/home/giuseppe/devices/Delta_Tissue/IMC/split_channels_nohpf/Leap081_4/B7-H4.tiff
/home/giuseppe/devices/Delta_Tissue/IMC/split_channels_nohpf/Leap035_5/B7-H4.tiff
/home/giuseppe/devices/Delta_Tissue/IMC/split_channels_nohpf/Leap084_13/B7-H4.tiff
/home/giuseppe/devices/Delta_Tissue/IMC/split_channels_nohpf/Leap070_8/B7-H4.tiff
/home/giuseppe/devices/Delta_Tissue/IMC/split_channels_nohpf/Leap002_3/B7-H4.tiff
/home/giuseppe/devices/Delta_Tissue/IMC/split_channels_nohpf/Leap008_2/B7-H4.tiff
/home/giuseppe/devices/Delta_Tissue/IMC/split_channels_nohpf/Leap018_21/B7-H4.tiff
/home/giuseppe/devices/Delta_Tissue/IMC/split_channels_nohpf/Leap023_8/B7-H4.tiff
/home/giuseppe/devices/Delta_Tissue/IMC/split_channels_nohpf/Leap017_24/B7-H4.tiff
/home/giuseppe/devices/Delta_Tissue/IMC/split_channels_nohpf/Leap075_3/B7-H4.tiff
/home/giuseppe/devices/Delta_Tissue/IMC/split_channels_nohpf/Leap095_1/B7-H4.tiff
/home/giuseppe/devices/Delta_Tissue/IMC/split_channels_nohpf/Leap087_11/B7-H4.tiff
/home/giuseppe/devices/Delta_Tissue/IMC/split_channels_nohpf/Leap066_11/B7-H4.tiff
/home/giuseppe/devices/Delta_Tissue/IMC/split_channels_nohpf/Leap084_15/B7-H4.tiff
/home/giuseppe/devices/Delta_Tissue/IMC/split_channels_nohpf/Leap051_24/B7-H4.tiff
/home/giuseppe/devices/Delta_Tissue/IMC/split_channels_nohpf/Leap082_8/B7-H4.tiff
/home/giuseppe/devices/Delta_Tissue/IMC/split_channels_nohpf/Leap034_11/B7-H4.tiff
/home/giuseppe/devices/Delta_Tissue/IMC/split_channels_nohpf/Leap023_2/B7-H4.tiff
/home/giuseppe/devices/Delta_Tissue/IMC/split_channels_nohpf/Leap066_12/B7-H4.tiff
/home/giuseppe/devices/Delta_Tissue/IMC/split_channels_nohpf/Leap048_1/B7-H4.tiff
/home/giuseppe/devices/Delta_Tissue/IMC/split_channels_nohpf/Leap053_2/B7-H4.tiff
/home/giuseppe/devices/Delta_Tissue/IMC/split_channels_nohpf/Leap083_9/B7-H4.tiff
/home/giuseppe/devices/Delta_Tissue/IMC/split_channels_nohpf/Leap077_8/B7-H4.tiff
/home/giuseppe/devices/Delta_Tissue/IMC/split_channels_nohpf/Leap066_6/B7-H4.tiff
/home/giuseppe/devices/Delta_Tissue/IMC/split_channels_nohpf/Leap046_4/B7-H4.tiff
/home/giuseppe/devices/Delta_Tissue/IMC/split_channels_nohpf/Leap054_12/B7-H4.tiff
/home/giuseppe/devices/Delta_Tissue/IMC/split_channels_nohpf/Leap084_5/B7-H4.tiff
/home/giuseppe/devices/Delta_Tissue/IMC/split_channels_nohpf/Leap018_20/B7-H4.tiff
/home/giuseppe/devices/Delta_Tissue/IMC/split_channels_nohpf/Leap085_4/B7-H4.tiff
/home/giuseppe/devices/Delta_Tissue/IMC/split_channels_nohpf/Leap055_5/B7-H4.tiff
/home/giuseppe/devices/Delta_Tissue/IMC/split_channels_nohpf/Leap013_9/B7-H4.tiff
/home/giuseppe/devices/Delta_Tissue/IMC/split_channels_nohpf/Leap053_12/B7-H4.tiff
/home/giuseppe/devices/Delta_Tissue/IMC/split_channels_nohpf/Leap054_13/B7-H4.tiff
/home/giuseppe/devices/Delta_Tissue/IMC/split_channels_nohpf/Leap042_6/B7-H4.tiff
/home/giuseppe/devices/Delta_Tissue/IMC/split_channels_nohpf/Leap095_9/B7-H4.tiff
/home/giuseppe/devices/Delta_Tissue/IMC/split_channels_nohpf/Leap015_2/B7-H4.tiff
/home/giuseppe/devices/Delta_Tissue/IMC/split_channels_nohpf/Leap073_7/B7-H4.tiff
/home/giuseppe/devices/Delta_Tissue/IMC/split_channels_nohpf/Leap036_2/B7-H4.tiff
/home/giuseppe/devices/Delta_Tissue/IMC/split_channels_nohpf/Leap036_1/B7-H4.tiff
/home/giuseppe/devices/Delta_Tissue/IMC/split_channels_nohpf/Leap084_21/B7-H4.tiff
/home/giuseppe/devices/Delta_Tissue/IMC/split_channels_nohpf/Leap084_16/B7-H4.tiff
/home/giuseppe/devices/Delta_Tissue/IMC/split_channels_nohpf/Leap015_4/B7-H4.tiff
/home/giuseppe/devices/Delta_Tissue/IMC/split_channels_nohpf/Leap034_5/B7-H4.tiff
/home/giuseppe/devices/Delta_Tissue/IMC/split_channels_nohpf/Leap067_2/B7-H4.tiff
/home/giuseppe/devices/Delta_Tissue/IMC/split_channels_nohpf/Leap053_6/B7-H4.tiff
/home/giuseppe/devices/Delta_Tissue/IMC/split_channels_nohpf/Leap034_9/B7-H4.tiff
/home/giuseppe/devices/Delta_Tissue/IMC/split_channels_nohpf/Leap056_4/B7-H4.tiff
/home/giuseppe/devices/Delta_Tissue/IMC/split_channels_nohpf/Leap015_6/B7-H4.tiff
/home/giuseppe/devices/Delta_Tissue/IMC/split_channels_nohpf/Leap034_3/B7-H4.tiff
/home/giuseppe/devices/Delta_Tissue/IMC/split_channels_nohpf/Leap078_3/B7-H4.tiff
/home/giuseppe/devices/Delta_Tissue/IMC/split_channels_nohpf/Leap096_6/B7-H4.tiff
/home/giuseppe/devices/Delta_Tissue/IMC/split_channels_nohpf/Leap024_5/B7-H4.tiff
/home/giuseppe/devices/Delta_Tissue/IMC/split_channels_nohpf/Leap073_8/B7-H4.tiff
/home/giuseppe/devices/Delta_Tissue/IMC/split_channels_nohpf/Leap004_8/B7-H4.tiff
/home/giuseppe/devices/Delta_Tissue/IMC/split_channels_nohpf/Leap010_13/B7-H4.tiff
/home/giuseppe/devices/Delta_Tissue/IMC/split_channels_nohpf/Leap053_1/B7-H4.tiff
/home/giuseppe/devices/Delta_Tissue/IMC/split_channels_nohpf/Leap096_10/B7-H4.tiff
/home/giuseppe/devices/Delta_Tissue/IMC/split_channels_nohpf/Leap041_11/B7-H4.tiff
/home/giuseppe/devices/Delta_Tissue/IMC/split_channels_nohpf/Leap038_2/B7-H4.tiff
/home/giuseppe/devices/Delta_Tissue/IMC/split_channels_nohpf/Leap004_2_16/B7-H4.tiff
/home/giuseppe/devices/Delta_Tissue/IMC/split_channels_nohpf/Leap034_13/B7-H4.tiff
/home/giuseppe/devices/Delta_Tissue/IMC/split_channels_nohpf/Leap003_13/B7-H4.tiff
/home/giuseppe/devices/Delta_Tissue/IMC/split_channels_nohpf/Leap076_2/B7-H4.tiff
/home/giuseppe/devices/Delta_Tissue/IMC/split_channels_nohpf/Leap025_6/B7-H4.tiff
/home/giuseppe/devices/Delta_Tissue/IMC/split_channels_nohpf/Leap029_7/B7-H4.tiff
/home/giuseppe/devices/Delta_Tissue/IMC/split_channels_nohpf/Leap011_11/B7-H4.tiff
/home/giuseppe/devices/Delta_Tissue/IMC/split_channels_nohpf/Leap042_4/B7-H4.tiff
/home/giuseppe/devices/Delta_Tissue/IMC/split_channels_nohpf/Leap034_12/B7-H4.tiff
/home/giuseppe/devices/Delta_Tissue/IMC/split_channels_nohpf/Leap068_8/B7-H4.tiff
/home/giuseppe/devices/Delta_Tissue/IMC/split_channels_nohpf/Leap016_6/B7-H4.tiff
/home/giuseppe/devices/Delta_Tissue/IMC/split_channels_nohpf/Leap090_5/B7-H4.tiff
/home/giuseppe/devices/Delta_Tissue/IMC/split_channels_nohpf/Leap051_16/B7-H4.tiff
/home/giuseppe/devices/Delta_Tissue/IMC/split_channels_nohpf/Leap052_4/B7-H4.tiff
/home/giuseppe/devices/Delta_Tissue/IMC/split_channels_nohpf/Leap023_6/B7-H4.tiff
/home/giuseppe/devices/Delta_Tissue/IMC/split_channels_nohpf/Leap081_20/B7-H4.tiff
/home/giuseppe/devices/Delta_Tissue/IMC/split_channels_nohpf/Leap055_11/B7-H4.tiff
/home/giuseppe/devices/Delta_Tissue/IMC/split_channels_nohpf/Leap082_3/B7-H4.tiff
/home/giuseppe/devices/Delta_Tissue/IMC/split_channels_nohpf/Leap032_8/B7-H4.tiff
/home/giuseppe/devices/Delta_Tissue/IMC/split_channels_nohpf/Leap054_10/B7-H4.tiff
/home/giuseppe/devices/Delta_Tissue/IMC/split_channels_nohpf/Leap030_12/B7-H4.tiff
/home/giuseppe/devices/Delta_Tissue/IMC/split_channels_nohpf/Leap009_3/B7-H4.tiff
/home/giuseppe/devices/Delta_Tissue/IMC/split_channels_nohpf/Leap059_7/B7-H4.tiff
/home/giuseppe/devices/Delta_Tissue/IMC/split_channels_nohpf/Leap024_1/B7-H4.tiff
/home/giuseppe/devices/Delta_Tissue/IMC/split_channels_nohpf/Leap090_1/B7-H4.tiff
/home/giuseppe/devices/Delta_Tissue/IMC/split_channels_nohpf/Leap041_1/B7-H4.tiff
/home/giuseppe/devices/Delta_Tissue/IMC/split_channels_nohpf/Leap076_3/B7-H4.tiff
/home/giuseppe/devices/Delta_Tissue/IMC/split_channels_nohpf/Leap057_11/B7-H4.tiff
/home/giuseppe/devices/Delta_Tissue/IMC/split_channels_nohpf/Leap094_7/B7-H4.tiff
/home/giuseppe/devices/Delta_Tissue/IMC/split_channels_nohpf/Leap004_6/B7-H4.tiff
/home/giuseppe/devices/Delta_Tissue/IMC/split_channels_nohpf/Leap031_1/B7-H4.tiff
/home/giuseppe/devices/Delta_Tissue/IMC/split_channels_nohpf/Leap009_6/B7-H4.tiff
/home/giuseppe/devices/Delta_Tissue/IMC/split_channels_nohpf/Leap061_10/B7-H4.tiff
/home/giuseppe/devices/Delta_Tissue/IMC/split_channels_nohpf/Leap037_15/B7-H4.tiff
/home/giuseppe/devices/Delta_Tissue/IMC/split_channels_nohpf/Leap003_16/B7-H4.tiff
/home/giuseppe/devices/Delta_Tissue/IMC/split_channels_nohpf/Leap014_14/B7-H4.tiff
/home/giuseppe/devices/Delta_Tissue/IMC/split_channels_nohpf/Leap052_13/B7-H4.tiff
/home/giuseppe/devices/Delta_Tissue/IMC/split_channels_nohpf/Leap084_12/B7-H4.tiff
/home/giuseppe/devices/Delta_Tissue/IMC/split_channels_nohpf/Leap087_14/B7-H4.tiff
/home/giuseppe/devices/Delta_Tissue/IMC/split_channels_nohpf/Leap077_1/B7-H4.tiff
/home/giuseppe/devices/Delta_Tissue/IMC/split_channels_nohpf/Leap001_8/B7-H4.tiff
/home/giuseppe/devices/Delta_Tissue/IMC/split_channels_nohpf/Leap017_22/B7-H4.tiff
/home/giuseppe/devices/Delta_Tissue/IMC/split_channels_nohpf/Leap062_6/B7-H4.tiff
/home/giuseppe/devices/Delta_Tissue/IMC/split_channels_nohpf/Leap088_4/B7-H4.tiff
/home/giuseppe/devices/Delta_Tissue/IMC/split_channels_nohpf/Leap005_13/B7-H4.tiff
/home/giuseppe/devices/Delta_Tissue/IMC/split_channels_nohpf/Leap050_4/B7-H4.tiff
/home/giuseppe/devices/Delta_Tissue/IMC/split_channels_nohpf/Leap040_2/B7-H4.tiff
/home/giuseppe/devices/Delta_Tissue/IMC/split_channels_nohpf/Leap067_3/B7-H4.tiff
/home/giuseppe/devices/Delta_Tissue/IMC/split_channels_nohpf/Leap084_17/B7-H4.tiff
/home/giuseppe/devices/Delta_Tissue/IMC/split_channels_nohpf/Leap094_16/B7-H4.tiff
/home/giuseppe/devices/Delta_Tissue/IMC/split_channels_nohpf/Leap018_29/B7-H4.tiff
/home/giuseppe/devices/Delta_Tissue/IMC/split_channels_nohpf/Leap010_7/B7-H4.tiff
/home/giuseppe/devices/Delta_Tissue/IMC/split_channels_nohpf/Leap048_4/B7-H4.tiff
/home/giuseppe/devices/Delta_Tissue/IMC/split_channels_nohpf/Leap029_6/B7-H4.tiff
/home/giuseppe/devices/Delta_Tissue/IMC/split_channels_nohpf/Leap036_4/B7-H4.tiff
/home/giuseppe/devices/Delta_Tissue/IMC/split_channels_nohpf/Leap054_9/B7-H4.tiff
/home/giuseppe/devices/Delta_Tissue/IMC/split_channels_nohpf/Leap092_6/B7-H4.tiff
/home/giuseppe/devices/Delta_Tissue/IMC/split_channels_nohpf/Leap033_2/B7-H4.tiff
/home/giuseppe/devices/Delta_Tissue/IMC/split_channels_nohpf/Leap068_10/B7-H4.tiff
/home/giuseppe/devices/Delta_Tissue/IMC/split_channels_nohpf/Leap083_10/B7-H4.tiff
/home/giuseppe/devices/Delta_Tissue/IMC/split_channels_nohpf/Leap001_10/B7-H4.tiff
/home/giuseppe/devices/Delta_Tissue/IMC/split_channels_nohpf/Leap009_19/B7-H4.tiff
/home/giuseppe/devices/Delta_Tissue/IMC/split_channels_nohpf/Leap038_5/B7-H4.tiff
/home/giuseppe/devices/Delta_Tissue/IMC/split_channels_nohpf/Leap089_10/B7-H4.tiff
/home/giuseppe/devices/Delta_Tissue/IMC/split_channels_nohpf/Leap037_17/B7-H4.tiff
/home/giuseppe/devices/Delta_Tissue/IMC/split_channels_nohpf/Leap017_7/B7-H4.tiff
/home/giuseppe/devices/Delta_Tissue/IMC/split_channels_nohpf/Leap045_6/B7-H4.tiff
/home/giuseppe/devices/Delta_Tissue/IMC/split_channels_nohpf/Leap095_7/B7-H4.tiff
/home/giuseppe/devices/Delta_Tissue/IMC/split_channels_nohpf/Leap011_16/B7-H4.tiff
/home/giuseppe/devices/Delta_Tissue/IMC/split_channels_nohpf/Leap056_2/B7-H4.tiff
/home/giuseppe/devices/Delta_Tissue/IMC/split_channels_nohpf/Leap071_6/B7-H4.tiff
/home/giuseppe/devices/Delta_Tissue/IMC/split_channels_nohpf/Leap064_9/B7-H4.tiff
/home/giuseppe/devices/Delta_Tissue/IMC/split_channels_nohpf/Leap004_2_12/B7-H4.tiff
/home/giuseppe/devices/Delta_Tissue/IMC/split_channels_nohpf/Leap081_7/B7-H4.tiff
/home/giuseppe/devices/Delta_Tissue/IMC/split_channels_nohpf/Leap081_10/B7-H4.tiff
/home/giuseppe/devices/Delta_Tissue/IMC/split_channels_nohpf/Leap026_1/B7-H4.tiff
/home/giuseppe/devices/Delta_Tissue/IMC/split_channels_nohpf/Leap079_8/B7-H4.tiff
/home/giuseppe/devices/Delta_Tissue/IMC/split_channels_nohpf/Leap067_4/B7-H4.tiff
/home/giuseppe/devices/Delta_Tissue/IMC/split_channels_nohpf/Leap005_6/B7-H4.tiff
/home/giuseppe/devices/Delta_Tissue/IMC/split_channels_nohpf/Leap089_9/B7-H4.tiff
/home/giuseppe/devices/Delta_Tissue/IMC/split_channels_nohpf/Leap082_4/B7-H4.tiff
/home/giuseppe/devices/Delta_Tissue/IMC/split_channels_nohpf/Leap095_2/B7-H4.tiff
/home/giuseppe/devices/Delta_Tissue/IMC/split_channels_nohpf/Leap084_2/B7-H4.tiff
/home/giuseppe/devices/Delta_Tissue/IMC/split_channels_nohpf/Leap094_4/B7-H4.tiff
/home/giuseppe/devices/Delta_Tissue/IMC/split_channels_nohpf/Leap042_2/B7-H4.tiff
/home/giuseppe/devices/Delta_Tissue/IMC/split_channels_nohpf/Leap017_11/B7-H4.tiff
/home/giuseppe/devices/Delta_Tissue/IMC/split_channels_nohpf/Leap048_6/B7-H4.tiff
/home/giuseppe/devices/Delta_Tissue/IMC/split_channels_nohpf/Leap004_2_13/B7-H4.tiff
/home/giuseppe/devices/Delta_Tissue/IMC/split_channels_nohpf/Leap029_8/B7-H4.tiff
/home/giuseppe/devices/Delta_Tissue/IMC/split_channels_nohpf/Leap018_19/B7-H4.tiff
/home/giuseppe/devices/Delta_Tissue/IMC/split_channels_nohpf/Leap026_2/B7-H4.tiff
/home/giuseppe/devices/Delta_Tissue/IMC/split_channels_nohpf/Leap035_7/B7-H4.tiff
/home/giuseppe/devices/Delta_Tissue/IMC/split_channels_nohpf/Leap008_3/B7-H4.tiff
/home/giuseppe/devices/Delta_Tissue/IMC/split_channels_nohpf/Leap005_2/B7-H4.tiff
/home/giuseppe/devices/Delta_Tissue/IMC/split_channels_nohpf/Leap086_5/B7-H4.tiff
/home/giuseppe/devices/Delta_Tissue/IMC/split_channels_nohpf/Leap037_18/B7-H4.tiff
/home/giuseppe/devices/Delta_Tissue/IMC/split_channels_nohpf/Leap038_7/B7-H4.tiff
/home/giuseppe/devices/Delta_Tissue/IMC/split_channels_nohpf/Leap093_10/B7-H4.tiff
/home/giuseppe/devices/Delta_Tissue/IMC/split_channels_nohpf/Leap040_9/B7-H4.tiff
/home/giuseppe/devices/Delta_Tissue/IMC/split_channels_nohpf/Leap087_1/B7-H4.tiff
/home/giuseppe/devices/Delta_Tissue/IMC/split_channels_nohpf/Leap052_1/B7-H4.tiff
/home/giuseppe/devices/Delta_Tissue/IMC/split_channels_nohpf/Leap096_11/B7-H4.tiff
/home/giuseppe/devices/Delta_Tissue/IMC/split_channels_nohpf/Leap078_2/B7-H4.tiff
/home/giuseppe/devices/Delta_Tissue/IMC/split_channels_nohpf/Leap058_3/B7-H4.tiff
/home/giuseppe/devices/Delta_Tissue/IMC/split_channels_nohpf/Leap031_6/B7-H4.tiff
/home/giuseppe/devices/Delta_Tissue/IMC/split_channels_nohpf/Leap056_14/B7-H4.tiff
/home/giuseppe/devices/Delta_Tissue/IMC/split_channels_nohpf/Leap038_9/B7-H4.tiff
/home/giuseppe/devices/Delta_Tissue/IMC/split_channels_nohpf/Leap008_6/B7-H4.tiff
/home/giuseppe/devices/Delta_Tissue/IMC/split_channels_nohpf/Leap094_20/B7-H4.tiff
/home/giuseppe/devices/Delta_Tissue/IMC/split_channels_nohpf/Leap059_2/B7-H4.tiff
/home/giuseppe/devices/Delta_Tissue/IMC/split_channels_nohpf/Leap011_15/B7-H4.tiff
/home/giuseppe/devices/Delta_Tissue/IMC/split_channels_nohpf/Leap081_9/B7-H4.tiff
/home/giuseppe/devices/Delta_Tissue/IMC/split_channels_nohpf/Leap029_1/B7-H4.tiff
/home/giuseppe/devices/Delta_Tissue/IMC/split_channels_nohpf/Leap018_8/B7-H4.tiff
/home/giuseppe/devices/Delta_Tissue/IMC/split_channels_nohpf/Leap051_22/B7-H4.tiff
/home/giuseppe/devices/Delta_Tissue/IMC/split_channels_nohpf/Leap094_5/B7-H4.tiff
/home/giuseppe/devices/Delta_Tissue/IMC/split_channels_nohpf/Leap070_10/B7-H4.tiff
/home/giuseppe/devices/Delta_Tissue/IMC/split_channels_nohpf/Leap033_10/B7-H4.tiff
/home/giuseppe/devices/Delta_Tissue/IMC/split_channels_nohpf/Leap087_2/B7-H4.tiff
/home/giuseppe/devices/Delta_Tissue/IMC/split_channels_nohpf/Leap056_5/B7-H4.tiff
/home/giuseppe/devices/Delta_Tissue/IMC/split_channels_nohpf/Leap002_7/B7-H4.tiff
/home/giuseppe/devices/Delta_Tissue/IMC/split_channels_nohpf/Leap009_10/B7-H4.tiff
/home/giuseppe/devices/Delta_Tissue/IMC/split_channels_nohpf/Leap057_1/B7-H4.tiff
/home/giuseppe/devices/Delta_Tissue/IMC/split_channels_nohpf/Leap031_7/B7-H4.tiff
/home/giuseppe/devices/Delta_Tissue/IMC/split_channels_nohpf/Leap058_4/B7-H4.tiff
/home/giuseppe/devices/Delta_Tissue/IMC/split_channels_nohpf/Leap005_7/B7-H4.tiff
/home/giuseppe/devices/Delta_Tissue/IMC/split_channels_nohpf/Leap013_8/B7-H4.tiff
/home/giuseppe/devices/Delta_Tissue/IMC/split_channels_nohpf/Leap095_4/B7-H4.tiff
/home/giuseppe/devices/Delta_Tissue/IMC/split_channels_nohpf/Leap023_4/B7-H4.tiff
/home/giuseppe/devices/Delta_Tissue/IMC/split_channels_nohpf/Leap094_2/B7-H4.tiff
/home/giuseppe/devices/Delta_Tissue/IMC/split_channels_nohpf/Leap049_3/B7-H4.tiff
/home/giuseppe/devices/Delta_Tissue/IMC/split_channels_nohpf/Leap091_1/B7-H4.tiff
/home/giuseppe/devices/Delta_Tissue/IMC/split_channels_nohpf/Leap023_5/B7-H4.tiff
/home/giuseppe/devices/Delta_Tissue/IMC/split_channels_nohpf/Leap050_8/B7-H4.tiff
/home/giuseppe/devices/Delta_Tissue/IMC/split_channels_nohpf/Leap054_8/B7-H4.tiff
/home/giuseppe/devices/Delta_Tissue/IMC/split_channels_nohpf/Leap018_4/B7-H4.tiff
/home/giuseppe/devices/Delta_Tissue/IMC/split_channels_nohpf/Leap094_11/B7-H4.tiff
/home/giuseppe/devices/Delta_Tissue/IMC/split_channels_nohpf/Leap066_10/B7-H4.tiff
/home/giuseppe/devices/Delta_Tissue/IMC/split_channels_nohpf/Leap012_24/B7-H4.tiff
/home/giuseppe/devices/Delta_Tissue/IMC/split_channels_nohpf/Leap035_2/B7-H4.tiff
/home/giuseppe/devices/Delta_Tissue/IMC/split_channels_nohpf/Leap056_12/B7-H4.tiff
/home/giuseppe/devices/Delta_Tissue/IMC/split_channels_nohpf/Leap096_1/B7-H4.tiff
/home/giuseppe/devices/Delta_Tissue/IMC/split_channels_nohpf/Leap017_20/B7-H4.tiff
/home/giuseppe/devices/Delta_Tissue/IMC/split_channels_nohpf/Leap056_6/B7-H4.tiff
/home/giuseppe/devices/Delta_Tissue/IMC/split_channels_nohpf/Leap035_12/B7-H4.tiff
/home/giuseppe/devices/Delta_Tissue/IMC/split_channels_nohpf/Leap013_1/B7-H4.tiff
/home/giuseppe/devices/Delta_Tissue/IMC/split_channels_nohpf/Leap087_9/B7-H4.tiff
/home/giuseppe/devices/Delta_Tissue/IMC/split_channels_nohpf/Leap067_1/B7-H4.tiff
/home/giuseppe/devices/Delta_Tissue/IMC/split_channels_nohpf/Leap021_8/B7-H4.tiff
/home/giuseppe/devices/Delta_Tissue/IMC/split_channels_nohpf/Leap035_1/B7-H4.tiff
/home/giuseppe/devices/Delta_Tissue/IMC/split_channels_nohpf/Leap041_12/B7-H4.tiff
/home/giuseppe/devices/Delta_Tissue/IMC/split_channels_nohpf/Leap075_1/B7-H4.tiff
/home/giuseppe/devices/Delta_Tissue/IMC/split_channels_nohpf/Leap083_3/B7-H4.tiff
/home/giuseppe/devices/Delta_Tissue/IMC/split_channels_nohpf/Leap077_9/B7-H4.tiff
/home/giuseppe/devices/Delta_Tissue/IMC/split_channels_nohpf/Leap002_5/B7-H4.tiff
/home/giuseppe/devices/Delta_Tissue/IMC/split_channels_nohpf/Leap006_3/B7-H4.tiff
/home/giuseppe/devices/Delta_Tissue/IMC/split_channels_nohpf/Leap054_5/B7-H4.tiff
/home/giuseppe/devices/Delta_Tissue/IMC/split_channels_nohpf/Leap084_8/B7-H4.tiff
/home/giuseppe/devices/Delta_Tissue/IMC/split_channels_nohpf/Leap067_11/B7-H4.tiff
/home/giuseppe/devices/Delta_Tissue/IMC/split_channels_nohpf/Leap094_13/B7-H4.tiff
/home/giuseppe/devices/Delta_Tissue/IMC/split_channels_nohpf/Leap040_7/B7-H4.tiff
/home/giuseppe/devices/Delta_Tissue/IMC/split_channels_nohpf/Leap081_11/B7-H4.tiff
/home/giuseppe/devices/Delta_Tissue/IMC/split_channels_nohpf/Leap071_1/B7-H4.tiff
/home/giuseppe/devices/Delta_Tissue/IMC/split_channels_nohpf/Leap020_1/B7-H4.tiff
/home/giuseppe/devices/Delta_Tissue/IMC/split_channels_nohpf/Leap077_3/B7-H4.tiff
/home/giuseppe/devices/Delta_Tissue/IMC/split_channels_nohpf/Leap082_9/B7-H4.tiff
/home/giuseppe/devices/Delta_Tissue/IMC/split_channels_nohpf/Leap018_11/B7-H4.tiff
/home/giuseppe/devices/Delta_Tissue/IMC/split_channels_nohpf/Leap010_11/B7-H4.tiff
/home/giuseppe/devices/Delta_Tissue/IMC/split_channels_nohpf/Leap081_14/B7-H4.tiff
/home/giuseppe/devices/Delta_Tissue/IMC/split_channels_nohpf/Leap010_14/B7-H4.tiff
/home/giuseppe/devices/Delta_Tissue/IMC/split_channels_nohpf/Leap041_16/B7-H4.tiff
/home/giuseppe/devices/Delta_Tissue/IMC/split_channels_nohpf/Leap041_13/B7-H4.tiff
/home/giuseppe/devices/Delta_Tissue/IMC/split_channels_nohpf/Leap070_6/B7-H4.tiff
/home/giuseppe/devices/Delta_Tissue/IMC/split_channels_nohpf/Leap054_4/B7-H4.tiff
/home/giuseppe/devices/Delta_Tissue/IMC/split_channels_nohpf/Leap096_4/B7-H4.tiff
/home/giuseppe/devices/Delta_Tissue/IMC/split_channels_nohpf/Leap071_4/B7-H4.tiff
/home/giuseppe/devices/Delta_Tissue/IMC/split_channels_nohpf/Leap034_6/B7-H4.tiff
/home/giuseppe/devices/Delta_Tissue/IMC/split_channels_nohpf/Leap055_10/B7-H4.tiff
/home/giuseppe/devices/Delta_Tissue/IMC/split_channels_nohpf/Leap096_2/B7-H4.tiff
/home/giuseppe/devices/Delta_Tissue/IMC/split_channels_nohpf/Leap019_10/B7-H4.tiff
/home/giuseppe/devices/Delta_Tissue/IMC/split_channels_nohpf/Leap021_1/B7-H4.tiff
/home/giuseppe/devices/Delta_Tissue/IMC/split_channels_nohpf/Leap018_7/B7-H4.tiff
/home/giuseppe/devices/Delta_Tissue/IMC/split_channels_nohpf/Leap050_5/B7-H4.tiff
/home/giuseppe/devices/Delta_Tissue/IMC/split_channels_nohpf/Leap084_11/B7-H4.tiff
/home/giuseppe/devices/Delta_Tissue/IMC/split_channels_nohpf/Leap054_2/B7-H4.tiff
/home/giuseppe/devices/Delta_Tissue/IMC/split_channels_nohpf/Leap057_6/B7-H4.tiff
/home/giuseppe/devices/Delta_Tissue/IMC/split_channels_nohpf/Leap046_2/B7-H4.tiff
/home/giuseppe/devices/Delta_Tissue/IMC/split_channels_nohpf/Leap085_2/B7-H4.tiff
/home/giuseppe/devices/Delta_Tissue/IMC/split_channels_nohpf/Leap086_8/B7-H4.tiff
/home/giuseppe/devices/Delta_Tissue/IMC/split_channels_nohpf/Leap028_13/B7-H4.tiff
/home/giuseppe/devices/Delta_Tissue/IMC/split_channels_nohpf/Leap005_11/B7-H4.tiff